This is TeXk, Version 3.141592653 (TeX Live 2021/Arch Linux) (preloaded format=tex 2021.5.24)  2 JUN 2021 08:36
 restricted \write18 enabled.
 %&-line parsing enabled.
**&tex LIL_____.TTF
(./LIL_____.TTF
! Missing $ inserted.
<inserted text> 
                $
<to be read again> 
                   ^^A
l.1 ^^@^^A
          ^^@^^@^^@^^O^^@0^^@^^C^^@^^c0OS/2z1f<^^@^^@\^^80^^@^^@^^@Ncmap^^cb...

? 
! Emergency stop.
<inserted text> 
                $
<to be read again> 
                   ^^A
l.1 ^^@^^A
          ^^@^^@^^@^^O^^@0^^@^^C^^@^^c0OS/2z1f<^^@^^@\^^80^^@^^@^^@Ncmap^^cb...
End of file on the terminal!

No pages of output.
